[2018-03-20 17:54:06 ^4274.10]	WARNING	swWorker_onStart: get group [root : root] info failed.
[2018-03-20 17:54:06 ^4276.12]	WARNING	swWorker_onStart: get group [root : root] info failed.
[2018-03-20 17:54:06 ^4273.9]	WARNING	swWorker_onStart: get group [root : root] info failed.
[2018-03-20 17:54:06 ^4272.8]	WARNING	swWorker_onStart: get group [root : root] info failed.
[2018-03-20 17:54:06 ^4275.11]	WARNING	swWorker_onStart: get group [root : root] info failed.
[2018-03-20 17:54:06 *4281.1]	WARNING	swWorker_onStart: get group [root : root] info failed.
[2018-03-20 17:54:06 ^4278.14]	WARNING	swWorker_onStart: get group [root : root] info failed.
[2018-03-20 17:54:06 ^4279.15]	WARNING	swWorker_onStart: get group [root : root] info failed.
[2018-03-20 17:54:06 *4280.0]	WARNING	swWorker_onStart: get group [root : root] info failed.
[2018-03-20 17:54:06 *4282.2]	WARNING	swWorker_onStart: get group [root : root] info failed.
[2018-03-20 17:54:06 ^4277.13]	WARNING	swWorker_onStart: get group [root : root] info failed.
[2018-03-20 17:54:06 *4284.4]	WARNING	swWorker_onStart: get group [root : root] info failed.
[2018-03-20 17:54:06 *4283.3]	WARNING	swWorker_onStart: get group [root : root] info failed.
[2018-03-20 17:54:06 *4285.5]	WARNING	swWorker_onStart: get group [root : root] info failed.
[2018-03-20 17:54:06 *4286.6]	WARNING	swWorker_onStart: get group [root : root] info failed.
[2018-03-20 17:54:06 *4287.7]	WARNING	swWorker_onStart: get group [root : root] info failed.
[2018-03-20 17:54:52 ^4302.8]	WARNING	swWorker_onStart: get group [root : root] info failed.
[2018-03-20 17:54:52 ^4305.11]	WARNING	swWorker_onStart: get group [root : root] info failed.
[2018-03-20 17:54:52 ^4304.10]	WARNING	swWorker_onStart: get group [root : root] info failed.
[2018-03-20 17:54:52 ^4303.9]	WARNING	swWorker_onStart: get group [root : root] info failed.
[2018-03-20 17:54:52 ^4306.12]	WARNING	swWorker_onStart: get group [root : root] info failed.
[2018-03-20 17:54:52 ^4307.13]	WARNING	swWorker_onStart: get group [root : root] info failed.
[2018-03-20 17:54:52 ^4308.14]	WARNING	swWorker_onStart: get group [root : root] info failed.
[2018-03-20 17:54:52 ^4309.15]	WARNING	swWorker_onStart: get group [root : root] info failed.
[2018-03-20 17:54:52 *4310.0]	WARNING	swWorker_onStart: get group [root : root] info failed.
[2018-03-20 17:54:52 *4311.1]	WARNING	swWorker_onStart: get group [root : root] info failed.
[2018-03-20 17:54:52 *4312.2]	WARNING	swWorker_onStart: get group [root : root] info failed.
[2018-03-20 17:54:52 *4315.5]	WARNING	swWorker_onStart: get group [root : root] info failed.
[2018-03-20 17:54:52 *4314.4]	WARNING	swWorker_onStart: get group [root : root] info failed.
[2018-03-20 17:54:52 *4317.7]	WARNING	swWorker_onStart: get group [root : root] info failed.
[2018-03-20 17:54:52 *4313.3]	WARNING	swWorker_onStart: get group [root : root] info failed.
[2018-03-20 17:54:52 *4316.6]	WARNING	swWorker_onStart: get group [root : root] info failed.
[2018-03-20 17:55:38 ^4334.10]	WARNING	swWorker_onStart: get group [root : root] info failed.
[2018-03-20 17:55:38 ^4332.8]	WARNING	swWorker_onStart: get group [root : root] info failed.
[2018-03-20 17:55:38 ^4335.11]	WARNING	swWorker_onStart: get group [root : root] info failed.
[2018-03-20 17:55:38 ^4336.12]	WARNING	swWorker_onStart: get group [root : root] info failed.
[2018-03-20 17:55:38 *4341.1]	WARNING	swWorker_onStart: get group [root : root] info failed.
[2018-03-20 17:55:38 ^4338.14]	WARNING	swWorker_onStart: get group [root : root] info failed.
[2018-03-20 17:55:38 ^4339.15]	WARNING	swWorker_onStart: get group [root : root] info failed.
[2018-03-20 17:55:38 ^4333.9]	WARNING	swWorker_onStart: get group [root : root] info failed.
[2018-03-20 17:55:38 ^4337.13]	WARNING	swWorker_onStart: get group [root : root] info failed.
[2018-03-20 17:55:38 *4340.0]	WARNING	swWorker_onStart: get group [root : root] info failed.
[2018-03-20 17:55:38 *4343.3]	WARNING	swWorker_onStart: get group [root : root] info failed.
[2018-03-20 17:55:38 *4344.4]	WARNING	swWorker_onStart: get group [root : root] info failed.
[2018-03-20 17:55:38 *4342.2]	WARNING	swWorker_onStart: get group [root : root] info failed.
[2018-03-20 17:55:38 *4347.7]	WARNING	swWorker_onStart: get group [root : root] info failed.
[2018-03-20 17:55:38 *4345.5]	WARNING	swWorker_onStart: get group [root : root] info failed.
[2018-03-20 17:55:38 *4346.6]	WARNING	swWorker_onStart: get group [root : root] info failed.
[2018-03-20 17:55:41 *4340.0]	ERROR	zm_deactivate_swoole (ERROR 503): Fatal error: Call to a member function write() on null in /home/www/TTApi/src/Core/Component/Error/ErrorHandler.php on line 29.
[2018-03-20 17:55:41 $4330.0]	WARNING	swManager_check_exit_status: worker#0 abnormal exit, status=255, signal=0
[2018-03-20 17:55:41 *4348.0]	WARNING	swWorker_onStart: get group [root : root] info failed.
[2018-03-20 17:57:44 ^4365.10]	WARNING	swWorker_onStart: get group [root : root] info failed.
[2018-03-20 17:57:44 ^4364.9]	WARNING	swWorker_onStart: get group [root : root] info failed.
[2018-03-20 17:57:44 ^4368.13]	WARNING	swWorker_onStart: get group [root : root] info failed.
[2018-03-20 17:57:44 ^4366.11]	WARNING	swWorker_onStart: get group [root : root] info failed.
[2018-03-20 17:57:44 ^4367.12]	WARNING	swWorker_onStart: get group [root : root] info failed.
[2018-03-20 17:57:44 ^4369.14]	WARNING	swWorker_onStart: get group [root : root] info failed.
[2018-03-20 17:57:44 ^4363.8]	WARNING	swWorker_onStart: get group [root : root] info failed.
[2018-03-20 17:57:44 ^4370.15]	WARNING	swWorker_onStart: get group [root : root] info failed.
[2018-03-20 17:57:44 *4371.0]	WARNING	swWorker_onStart: get group [root : root] info failed.
[2018-03-20 17:57:44 *4373.2]	WARNING	swWorker_onStart: get group [root : root] info failed.
[2018-03-20 17:57:44 *4375.4]	WARNING	swWorker_onStart: get group [root : root] info failed.
[2018-03-20 17:57:44 *4376.5]	WARNING	swWorker_onStart: get group [root : root] info failed.
[2018-03-20 17:57:44 *4377.6]	WARNING	swWorker_onStart: get group [root : root] info failed.
[2018-03-20 17:57:44 *4374.3]	WARNING	swWorker_onStart: get group [root : root] info failed.
[2018-03-20 17:57:44 *4372.1]	WARNING	swWorker_onStart: get group [root : root] info failed.
[2018-03-20 17:57:44 *4378.7]	WARNING	swWorker_onStart: get group [root : root] info failed.
[2018-03-20 17:57:46 *4371.0]	ERROR	zm_deactivate_swoole (ERROR 503): Fatal error: Call to a member function setContent() on null in /home/www/TTApi/src/Core/Component/Error/ErrorHandler.php on line 29.
[2018-03-20 17:57:46 $4361.0]	WARNING	swManager_check_exit_status: worker#0 abnormal exit, status=255, signal=0
[2018-03-20 17:57:46 *4379.0]	WARNING	swWorker_onStart: get group [root : root] info failed.
[2018-03-20 17:58:14 ^4396.10]	WARNING	swWorker_onStart: get group [root : root] info failed.
[2018-03-20 17:58:14 ^4395.9]	WARNING	swWorker_onStart: get group [root : root] info failed.
[2018-03-20 17:58:14 ^4397.11]	WARNING	swWorker_onStart: get group [root : root] info failed.
[2018-03-20 17:58:14 ^4398.12]	WARNING	swWorker_onStart: get group [root : root] info failed.
[2018-03-20 17:58:14 *4403.1]	WARNING	swWorker_onStart: get group [root : root] info failed.
[2018-03-20 17:58:14 ^4399.13]	WARNING	swWorker_onStart: get group [root : root] info failed.
[2018-03-20 17:58:14 ^4400.14]	WARNING	swWorker_onStart: get group [root : root] info failed.
[2018-03-20 17:58:14 ^4401.15]	WARNING	swWorker_onStart: get group [root : root] info failed.
[2018-03-20 17:58:14 *4402.0]	WARNING	swWorker_onStart: get group [root : root] info failed.
[2018-03-20 17:58:14 *4404.2]	WARNING	swWorker_onStart: get group [root : root] info failed.
[2018-03-20 17:58:14 ^4394.8]	WARNING	swWorker_onStart: get group [root : root] info failed.
[2018-03-20 17:58:14 *4406.4]	WARNING	swWorker_onStart: get group [root : root] info failed.
[2018-03-20 17:58:14 *4407.5]	WARNING	swWorker_onStart: get group [root : root] info failed.
[2018-03-20 17:58:14 *4408.6]	WARNING	swWorker_onStart: get group [root : root] info failed.
[2018-03-20 17:58:14 *4409.7]	WARNING	swWorker_onStart: get group [root : root] info failed.
[2018-03-20 17:58:14 *4405.3]	WARNING	swWorker_onStart: get group [root : root] info failed.
[2018-03-20 17:58:16 *4402.0]	ERROR	zm_deactivate_swoole (ERROR 503): Fatal error: Call to a member function end() on null in /home/www/TTApi/src/Core/Core.php on line 168.
[2018-03-20 17:58:16 $4392.0]	WARNING	swManager_check_exit_status: worker#0 abnormal exit, status=255, signal=0
[2018-03-20 17:58:16 *4410.0]	WARNING	swWorker_onStart: get group [root : root] info failed.
[2018-03-20 17:59:04 ^4427.10]	WARNING	swWorker_onStart: get group [root : root] info failed.
[2018-03-20 17:59:04 ^4428.11]	WARNING	swWorker_onStart: get group [root : root] info failed.
[2018-03-20 17:59:04 ^4426.9]	WARNING	swWorker_onStart: get group [root : root] info failed.
[2018-03-20 17:59:04 ^4425.8]	WARNING	swWorker_onStart: get group [root : root] info failed.
[2018-03-20 17:59:04 ^4429.12]	WARNING	swWorker_onStart: get group [root : root] info failed.
[2018-03-20 17:59:04 ^4430.13]	WARNING	swWorker_onStart: get group [root : root] info failed.
[2018-03-20 17:59:04 ^4431.14]	WARNING	swWorker_onStart: get group [root : root] info failed.
[2018-03-20 17:59:04 ^4432.15]	WARNING	swWorker_onStart: get group [root : root] info failed.
[2018-03-20 17:59:04 *4433.0]	WARNING	swWorker_onStart: get group [root : root] info failed.
[2018-03-20 17:59:04 *4434.1]	WARNING	swWorker_onStart: get group [root : root] info failed.
[2018-03-20 17:59:04 *4435.2]	WARNING	swWorker_onStart: get group [root : root] info failed.
[2018-03-20 17:59:04 *4438.5]	WARNING	swWorker_onStart: get group [root : root] info failed.
[2018-03-20 17:59:04 *4439.6]	WARNING	swWorker_onStart: get group [root : root] info failed.
[2018-03-20 17:59:04 *4437.4]	WARNING	swWorker_onStart: get group [root : root] info failed.
[2018-03-20 17:59:04 *4440.7]	WARNING	swWorker_onStart: get group [root : root] info failed.
[2018-03-20 17:59:04 *4436.3]	WARNING	swWorker_onStart: get group [root : root] info failed.
[2018-03-20 17:59:06 *4433.0]	ERROR	zm_deactivate_swoole (ERROR 503): Fatal error: Call to a member function end() on null in /home/www/TTApi/src/Core/Core.php on line 168.
[2018-03-20 17:59:06 $4423.0]	WARNING	swManager_check_exit_status: worker#0 abnormal exit, status=255, signal=0
[2018-03-20 17:59:06 *4441.0]	WARNING	swWorker_onStart: get group [root : root] info failed.
[2018-03-20 18:01:24 ^4476.10]	WARNING	swWorker_onStart: get group [root : root] info failed.
[2018-03-20 18:01:24 ^4477.11]	WARNING	swWorker_onStart: get group [root : root] info failed.
[2018-03-20 18:01:24 ^4475.9]	WARNING	swWorker_onStart: get group [root : root] info failed.
[2018-03-20 18:01:24 ^4474.8]	WARNING	swWorker_onStart: get group [root : root] info failed.
[2018-03-20 18:01:24 ^4478.12]	WARNING	swWorker_onStart: get group [root : root] info failed.
[2018-03-20 18:01:24 ^4479.13]	WARNING	swWorker_onStart: get group [root : root] info failed.
[2018-03-20 18:01:24 ^4480.14]	WARNING	swWorker_onStart: get group [root : root] info failed.
[2018-03-20 18:01:24 ^4481.15]	WARNING	swWorker_onStart: get group [root : root] info failed.
[2018-03-20 18:01:24 *4482.0]	WARNING	swWorker_onStart: get group [root : root] info failed.
[2018-03-20 18:01:24 *4483.1]	WARNING	swWorker_onStart: get group [root : root] info failed.
[2018-03-20 18:01:24 *4484.2]	WARNING	swWorker_onStart: get group [root : root] info failed.
[2018-03-20 18:01:24 *4485.3]	WARNING	swWorker_onStart: get group [root : root] info failed.
[2018-03-20 18:01:24 *4487.5]	WARNING	swWorker_onStart: get group [root : root] info failed.
[2018-03-20 18:01:24 *4486.4]	WARNING	swWorker_onStart: get group [root : root] info failed.
[2018-03-20 18:01:24 *4488.6]	WARNING	swWorker_onStart: get group [root : root] info failed.
[2018-03-20 18:01:24 *4489.7]	WARNING	swWorker_onStart: get group [root : root] info failed.
[2018-03-20 18:01:26 *4482.0]	ERROR	zm_deactivate_swoole (ERROR 503): Fatal error: Call to a member function end() on null in /home/www/TTApi/src/Core/Core.php on line 168.
[2018-03-20 18:01:26 $4472.0]	WARNING	swManager_check_exit_status: worker#0 abnormal exit, status=255, signal=0
[2018-03-20 18:01:26 *4490.0]	WARNING	swWorker_onStart: get group [root : root] info failed.
[2018-03-20 18:02:39 ^4505.8]	WARNING	swWorker_onStart: get group [root : root] info failed.
[2018-03-20 18:02:39 ^4507.10]	WARNING	swWorker_onStart: get group [root : root] info failed.
[2018-03-20 18:02:39 ^4506.9]	WARNING	swWorker_onStart: get group [root : root] info failed.
[2018-03-20 18:02:39 ^4508.11]	WARNING	swWorker_onStart: get group [root : root] info failed.
[2018-03-20 18:02:39 ^4509.12]	WARNING	swWorker_onStart: get group [root : root] info failed.
[2018-03-20 18:02:39 ^4512.15]	WARNING	swWorker_onStart: get group [root : root] info failed.
[2018-03-20 18:02:39 ^4511.14]	WARNING	swWorker_onStart: get group [root : root] info failed.
[2018-03-20 18:02:39 *4513.0]	WARNING	swWorker_onStart: get group [root : root] info failed.
[2018-03-20 18:02:39 *4514.1]	WARNING	swWorker_onStart: get group [root : root] info failed.
[2018-03-20 18:02:39 ^4510.13]	WARNING	swWorker_onStart: get group [root : root] info failed.
[2018-03-20 18:02:39 *4515.2]	WARNING	swWorker_onStart: get group [root : root] info failed.
[2018-03-20 18:02:39 *4516.3]	WARNING	swWorker_onStart: get group [root : root] info failed.
[2018-03-20 18:02:39 *4517.4]	WARNING	swWorker_onStart: get group [root : root] info failed.
[2018-03-20 18:02:39 *4519.6]	WARNING	swWorker_onStart: get group [root : root] info failed.
[2018-03-20 18:02:39 *4518.5]	WARNING	swWorker_onStart: get group [root : root] info failed.
[2018-03-20 18:02:39 *4520.7]	WARNING	swWorker_onStart: get group [root : root] info failed.
[2018-03-20 18:02:41 *4513.0]	ERROR	zm_deactivate_swoole (ERROR 503): Fatal error: Call to a member function end() on null in /home/www/TTApi/src/Core/Core.php on line 168.
[2018-03-20 18:02:41 $4503.0]	WARNING	swManager_check_exit_status: worker#0 abnormal exit, status=255, signal=0
[2018-03-20 18:02:41 *4521.0]	WARNING	swWorker_onStart: get group [root : root] info failed.
[2018-03-20 18:03:19 ^4538.10]	WARNING	swWorker_onStart: get group [root : root] info failed.
[2018-03-20 18:03:19 ^4542.14]	WARNING	swWorker_onStart: get group [root : root] info failed.
[2018-03-20 18:03:19 ^4539.11]	WARNING	swWorker_onStart: get group [root : root] info failed.
[2018-03-20 18:03:19 ^4540.12]	WARNING	swWorker_onStart: get group [root : root] info failed.
[2018-03-20 18:03:19 ^4541.13]	WARNING	swWorker_onStart: get group [root : root] info failed.
[2018-03-20 18:03:19 ^4536.8]	WARNING	swWorker_onStart: get group [root : root] info failed.
[2018-03-20 18:03:19 ^4537.9]	WARNING	swWorker_onStart: get group [root : root] info failed.
[2018-03-20 18:03:19 ^4543.15]	WARNING	swWorker_onStart: get group [root : root] info failed.
[2018-03-20 18:03:19 *4544.0]	WARNING	swWorker_onStart: get group [root : root] info failed.
[2018-03-20 18:03:19 *4545.1]	WARNING	swWorker_onStart: get group [root : root] info failed.
[2018-03-20 18:03:19 *4547.3]	WARNING	swWorker_onStart: get group [root : root] info failed.
[2018-03-20 18:03:19 *4546.2]	WARNING	swWorker_onStart: get group [root : root] info failed.
[2018-03-20 18:03:19 *4550.6]	WARNING	swWorker_onStart: get group [root : root] info failed.
[2018-03-20 18:03:19 *4549.5]	WARNING	swWorker_onStart: get group [root : root] info failed.
[2018-03-20 18:03:19 *4548.4]	WARNING	swWorker_onStart: get group [root : root] info failed.
[2018-03-20 18:03:19 *4551.7]	WARNING	swWorker_onStart: get group [root : root] info failed.
[2018-03-20 18:03:21 *4544.0]	ERROR	zm_deactivate_swoole (ERROR 503): Fatal error: Call to a member function end() on null in /home/www/TTApi/src/Core/Core.php on line 168.
[2018-03-20 18:03:21 $4534.0]	WARNING	swManager_check_exit_status: worker#0 abnormal exit, status=255, signal=0
[2018-03-20 18:03:21 *4552.0]	WARNING	swWorker_onStart: get group [root : root] info failed.
[2018-03-20 18:04:19 ^4568.9]	WARNING	swWorker_onStart: get group [root : root] info failed.
[2018-03-20 18:04:19 ^4569.10]	WARNING	swWorker_onStart: get group [root : root] info failed.
[2018-03-20 18:04:19 ^4570.11]	WARNING	swWorker_onStart: get group [root : root] info failed.
[2018-03-20 18:04:19 ^4571.12]	WARNING	swWorker_onStart: get group [root : root] info failed.
[2018-03-20 18:04:19 ^4572.13]	WARNING	swWorker_onStart: get group [root : root] info failed.
[2018-03-20 18:04:19 ^4573.14]	WARNING	swWorker_onStart: get group [root : root] info failed.
[2018-03-20 18:04:19 ^4574.15]	WARNING	swWorker_onStart: get group [root : root] info failed.
[2018-03-20 18:04:19 *4575.0]	WARNING	swWorker_onStart: get group [root : root] info failed.
[2018-03-20 18:04:19 *4576.1]	WARNING	swWorker_onStart: get group [root : root] info failed.
[2018-03-20 18:04:19 ^4567.8]	WARNING	swWorker_onStart: get group [root : root] info failed.
[2018-03-20 18:04:19 *4578.3]	WARNING	swWorker_onStart: get group [root : root] info failed.
[2018-03-20 18:04:19 *4577.2]	WARNING	swWorker_onStart: get group [root : root] info failed.
[2018-03-20 18:04:19 *4579.4]	WARNING	swWorker_onStart: get group [root : root] info failed.
[2018-03-20 18:04:19 *4582.7]	WARNING	swWorker_onStart: get group [root : root] info failed.
[2018-03-20 18:04:19 *4581.6]	WARNING	swWorker_onStart: get group [root : root] info failed.
[2018-03-20 18:04:19 *4580.5]	WARNING	swWorker_onStart: get group [root : root] info failed.
[2018-03-20 18:04:20 *4575.0]	ERROR	zm_deactivate_swoole (ERROR 503): Fatal error: Call to a member function status() on null in /home/www/TTApi/library/Http/Response.php on line 196.
[2018-03-20 18:04:20 $4565.0]	WARNING	swManager_check_exit_status: worker#0 abnormal exit, status=255, signal=0
[2018-03-20 18:04:20 *4583.0]	WARNING	swWorker_onStart: get group [root : root] info failed.
[2018-03-20 18:05:57 ^4600.10]	WARNING	swWorker_onStart: get group [root : root] info failed.
[2018-03-20 18:05:57 ^4599.9]	WARNING	swWorker_onStart: get group [root : root] info failed.
[2018-03-20 18:05:57 ^4601.11]	WARNING	swWorker_onStart: get group [root : root] info failed.
[2018-03-20 18:05:57 ^4598.8]	WARNING	swWorker_onStart: get group [root : root] info failed.
[2018-03-20 18:05:57 ^4602.12]	WARNING	swWorker_onStart: get group [root : root] info failed.
[2018-03-20 18:05:57 ^4603.13]	WARNING	swWorker_onStart: get group [root : root] info failed.
[2018-03-20 18:05:57 ^4604.14]	WARNING	swWorker_onStart: get group [root : root] info failed.
[2018-03-20 18:05:57 ^4605.15]	WARNING	swWorker_onStart: get group [root : root] info failed.
[2018-03-20 18:05:57 *4606.0]	WARNING	swWorker_onStart: get group [root : root] info failed.
[2018-03-20 18:05:57 *4607.1]	WARNING	swWorker_onStart: get group [root : root] info failed.
[2018-03-20 18:05:57 *4608.2]	WARNING	swWorker_onStart: get group [root : root] info failed.
[2018-03-20 18:05:57 *4609.3]	WARNING	swWorker_onStart: get group [root : root] info failed.
[2018-03-20 18:05:57 *4610.4]	WARNING	swWorker_onStart: get group [root : root] info failed.
[2018-03-20 18:05:57 *4611.5]	WARNING	swWorker_onStart: get group [root : root] info failed.
[2018-03-20 18:05:57 *4612.6]	WARNING	swWorker_onStart: get group [root : root] info failed.
[2018-03-20 18:05:57 *4613.7]	WARNING	swWorker_onStart: get group [root : root] info failed.
[2018-03-20 18:06:56 ^4628.8]	WARNING	swWorker_onStart: get group [root : root] info failed.
[2018-03-20 18:06:56 ^4632.12]	WARNING	swWorker_onStart: get group [root : root] info failed.
[2018-03-20 18:06:56 ^4630.10]	WARNING	swWorker_onStart: get group [root : root] info failed.
[2018-03-20 18:06:56 ^4631.11]	WARNING	swWorker_onStart: get group [root : root] info failed.
[2018-03-20 18:06:56 ^4633.13]	WARNING	swWorker_onStart: get group [root : root] info failed.
[2018-03-20 18:06:56 ^4634.14]	WARNING	swWorker_onStart: get group [root : root] info failed.
[2018-03-20 18:06:56 ^4635.15]	WARNING	swWorker_onStart: get group [root : root] info failed.
[2018-03-20 18:06:56 ^4629.9]	WARNING	swWorker_onStart: get group [root : root] info failed.
[2018-03-20 18:06:56 *4636.0]	WARNING	swWorker_onStart: get group [root : root] info failed.
[2018-03-20 18:06:56 *4639.3]	WARNING	swWorker_onStart: get group [root : root] info failed.
[2018-03-20 18:06:56 *4638.2]	WARNING	swWorker_onStart: get group [root : root] info failed.
[2018-03-20 18:06:56 *4637.1]	WARNING	swWorker_onStart: get group [root : root] info failed.
[2018-03-20 18:06:56 *4640.4]	WARNING	swWorker_onStart: get group [root : root] info failed.
[2018-03-20 18:06:56 *4642.6]	WARNING	swWorker_onStart: get group [root : root] info failed.
[2018-03-20 18:06:56 *4643.7]	WARNING	swWorker_onStart: get group [root : root] info failed.
[2018-03-20 18:06:56 *4641.5]	WARNING	swWorker_onStart: get group [root : root] info failed.
[2018-03-20 18:13:28 ^4700.10]	WARNING	swWorker_onStart: get group [root : root] info failed.
[2018-03-20 18:13:28 ^4701.11]	WARNING	swWorker_onStart: get group [root : root] info failed.
[2018-03-20 18:13:28 ^4698.8]	WARNING	swWorker_onStart: get group [root : root] info failed.
[2018-03-20 18:13:28 ^4702.12]	WARNING	swWorker_onStart: get group [root : root] info failed.
[2018-03-20 18:13:28 ^4703.13]	WARNING	swWorker_onStart: get group [root : root] info failed.
[2018-03-20 18:13:28 ^4704.14]	WARNING	swWorker_onStart: get group [root : root] info failed.
[2018-03-20 18:13:28 ^4699.9]	WARNING	swWorker_onStart: get group [root : root] info failed.
[2018-03-20 18:13:28 *4706.0]	WARNING	swWorker_onStart: get group [root : root] info failed.
[2018-03-20 18:13:28 *4707.1]	WARNING	swWorker_onStart: get group [root : root] info failed.
[2018-03-20 18:13:28 *4708.2]	WARNING	swWorker_onStart: get group [root : root] info failed.
[2018-03-20 18:13:28 *4709.3]	WARNING	swWorker_onStart: get group [root : root] info failed.
[2018-03-20 18:13:28 ^4705.15]	WARNING	swWorker_onStart: get group [root : root] info failed.
[2018-03-20 18:13:28 *4710.4]	WARNING	swWorker_onStart: get group [root : root] info failed.
[2018-03-20 18:13:28 *4711.5]	WARNING	swWorker_onStart: get group [root : root] info failed.
[2018-03-20 18:13:28 *4712.6]	WARNING	swWorker_onStart: get group [root : root] info failed.
[2018-03-20 18:13:28 *4713.7]	WARNING	swWorker_onStart: get group [root : root] info failed.
[2018-03-20 18:14:01 ^4730.10]	WARNING	swWorker_onStart: get group [root : root] info failed.
[2018-03-20 18:14:01 ^4731.11]	WARNING	swWorker_onStart: get group [root : root] info failed.
[2018-03-20 18:14:01 ^4729.9]	WARNING	swWorker_onStart: get group [root : root] info failed.
[2018-03-20 18:14:01 ^4728.8]	WARNING	swWorker_onStart: get group [root : root] info failed.
[2018-03-20 18:14:01 ^4732.12]	WARNING	swWorker_onStart: get group [root : root] info failed.
[2018-03-20 18:14:01 ^4733.13]	WARNING	swWorker_onStart: get group [root : root] info failed.
[2018-03-20 18:14:01 ^4734.14]	WARNING	swWorker_onStart: get group [root : root] info failed.
[2018-03-20 18:14:01 ^4735.15]	WARNING	swWorker_onStart: get group [root : root] info failed.
[2018-03-20 18:14:01 *4736.0]	WARNING	swWorker_onStart: get group [root : root] info failed.
[2018-03-20 18:14:01 *4737.1]	WARNING	swWorker_onStart: get group [root : root] info failed.
[2018-03-20 18:14:01 *4738.2]	WARNING	swWorker_onStart: get group [root : root] info failed.
[2018-03-20 18:14:01 *4741.5]	WARNING	swWorker_onStart: get group [root : root] info failed.
[2018-03-20 18:14:01 *4742.6]	WARNING	swWorker_onStart: get group [root : root] info failed.
[2018-03-20 18:14:01 *4740.4]	WARNING	swWorker_onStart: get group [root : root] info failed.
[2018-03-20 18:14:01 *4739.3]	WARNING	swWorker_onStart: get group [root : root] info failed.
[2018-03-20 18:14:01 *4743.7]	WARNING	swWorker_onStart: get group [root : root] info failed.
[2018-03-20 18:15:35 ^4760.10]	WARNING	swWorker_onStart: get group [root : root] info failed.
[2018-03-20 18:15:35 ^4761.11]	WARNING	swWorker_onStart: get group [root : root] info failed.
[2018-03-20 18:15:35 ^4759.9]	WARNING	swWorker_onStart: get group [root : root] info failed.
[2018-03-20 18:15:35 ^4758.8]	WARNING	swWorker_onStart: get group [root : root] info failed.
[2018-03-20 18:15:35 ^4762.12]	WARNING	swWorker_onStart: get group [root : root] info failed.
[2018-03-20 18:15:35 ^4763.13]	WARNING	swWorker_onStart: get group [root : root] info failed.
[2018-03-20 18:15:35 ^4764.14]	WARNING	swWorker_onStart: get group [root : root] info failed.
[2018-03-20 18:15:35 ^4765.15]	WARNING	swWorker_onStart: get group [root : root] info failed.
[2018-03-20 18:15:35 *4766.0]	WARNING	swWorker_onStart: get group [root : root] info failed.
[2018-03-20 18:15:35 *4767.1]	WARNING	swWorker_onStart: get group [root : root] info failed.
[2018-03-20 18:15:35 *4768.2]	WARNING	swWorker_onStart: get group [root : root] info failed.
[2018-03-20 18:15:35 *4771.5]	WARNING	swWorker_onStart: get group [root : root] info failed.
[2018-03-20 18:15:35 *4770.4]	WARNING	swWorker_onStart: get group [root : root] info failed.
[2018-03-20 18:15:35 *4769.3]	WARNING	swWorker_onStart: get group [root : root] info failed.
[2018-03-20 18:15:35 *4772.6]	WARNING	swWorker_onStart: get group [root : root] info failed.
[2018-03-20 18:15:35 *4773.7]	WARNING	swWorker_onStart: get group [root : root] info failed.
[2018-03-20 18:17:41 ^4790.10]	WARNING	swWorker_onStart: get group [root : root] info failed.
[2018-03-20 18:17:41 ^4789.9]	WARNING	swWorker_onStart: get group [root : root] info failed.
[2018-03-20 18:17:41 ^4788.8]	WARNING	swWorker_onStart: get group [root : root] info failed.
[2018-03-20 18:17:41 ^4791.11]	WARNING	swWorker_onStart: get group [root : root] info failed.
[2018-03-20 18:17:41 ^4792.12]	WARNING	swWorker_onStart: get group [root : root] info failed.
[2018-03-20 18:17:41 ^4793.13]	WARNING	swWorker_onStart: get group [root : root] info failed.
[2018-03-20 18:17:41 *4796.0]	WARNING	swWorker_onStart: get group [root : root] info failed.
[2018-03-20 18:17:41 ^4795.15]	WARNING	swWorker_onStart: get group [root : root] info failed.
[2018-03-20 18:17:41 *4797.1]	WARNING	swWorker_onStart: get group [root : root] info failed.
[2018-03-20 18:17:41 ^4794.14]	WARNING	swWorker_onStart: get group [root : root] info failed.
[2018-03-20 18:17:41 *4798.2]	WARNING	swWorker_onStart: get group [root : root] info failed.
[2018-03-20 18:17:41 *4799.3]	WARNING	swWorker_onStart: get group [root : root] info failed.
[2018-03-20 18:17:41 *4800.4]	WARNING	swWorker_onStart: get group [root : root] info failed.
[2018-03-20 18:17:41 *4802.6]	WARNING	swWorker_onStart: get group [root : root] info failed.
[2018-03-20 18:17:41 *4801.5]	WARNING	swWorker_onStart: get group [root : root] info failed.
[2018-03-20 18:17:41 *4803.7]	WARNING	swWorker_onStart: get group [root : root] info failed.
[2018-03-20 18:19:57 ^4818.8]	WARNING	swWorker_onStart: get group [root : root] info failed.
[2018-03-20 18:19:57 ^4819.9]	WARNING	swWorker_onStart: get group [root : root] info failed.
[2018-03-20 18:19:57 ^4820.10]	WARNING	swWorker_onStart: get group [root : root] info failed.
[2018-03-20 18:19:57 ^4821.11]	WARNING	swWorker_onStart: get group [root : root] info failed.
[2018-03-20 18:19:57 ^4822.12]	WARNING	swWorker_onStart: get group [root : root] info failed.
[2018-03-20 18:19:57 ^4823.13]	WARNING	swWorker_onStart: get group [root : root] info failed.
[2018-03-20 18:19:57 ^4825.15]	WARNING	swWorker_onStart: get group [root : root] info failed.
[2018-03-20 18:19:57 *4826.0]	WARNING	swWorker_onStart: get group [root : root] info failed.
[2018-03-20 18:19:57 *4827.1]	WARNING	swWorker_onStart: get group [root : root] info failed.
[2018-03-20 18:19:57 *4829.3]	WARNING	swWorker_onStart: get group [root : root] info failed.
[2018-03-20 18:19:57 ^4824.14]	WARNING	swWorker_onStart: get group [root : root] info failed.
[2018-03-20 18:19:57 *4828.2]	WARNING	swWorker_onStart: get group [root : root] info failed.
[2018-03-20 18:19:57 *4830.4]	WARNING	swWorker_onStart: get group [root : root] info failed.
[2018-03-20 18:19:57 *4831.5]	WARNING	swWorker_onStart: get group [root : root] info failed.
[2018-03-20 18:19:57 *4833.7]	WARNING	swWorker_onStart: get group [root : root] info failed.
[2018-03-20 18:19:57 *4832.6]	WARNING	swWorker_onStart: get group [root : root] info failed.
[2018-03-20 18:22:04 ^4857.10]	WARNING	swWorker_onStart: get group [root : root] info failed.
[2018-03-20 18:22:04 ^4856.9]	WARNING	swWorker_onStart: get group [root : root] info failed.
[2018-03-20 18:22:04 ^4858.11]	WARNING	swWorker_onStart: get group [root : root] info failed.
[2018-03-20 18:22:04 ^4859.12]	WARNING	swWorker_onStart: get group [root : root] info failed.
[2018-03-20 18:22:04 ^4862.15]	WARNING	swWorker_onStart: get group [root : root] info failed.
[2018-03-20 18:22:04 ^4860.13]	WARNING	swWorker_onStart: get group [root : root] info failed.
[2018-03-20 18:22:04 ^4861.14]	WARNING	swWorker_onStart: get group [root : root] info failed.
[2018-03-20 18:22:04 ^4855.8]	WARNING	swWorker_onStart: get group [root : root] info failed.
[2018-03-20 18:22:04 *4863.0]	WARNING	swWorker_onStart: get group [root : root] info failed.
[2018-03-20 18:22:04 *4864.1]	WARNING	swWorker_onStart: get group [root : root] info failed.
[2018-03-20 18:22:04 *4866.3]	WARNING	swWorker_onStart: get group [root : root] info failed.
[2018-03-20 18:22:04 *4865.2]	WARNING	swWorker_onStart: get group [root : root] info failed.
[2018-03-20 18:22:04 *4868.5]	WARNING	swWorker_onStart: get group [root : root] info failed.
[2018-03-20 18:22:04 *4869.6]	WARNING	swWorker_onStart: get group [root : root] info failed.
[2018-03-20 18:22:04 *4870.7]	WARNING	swWorker_onStart: get group [root : root] info failed.
[2018-03-20 18:22:04 *4867.4]	WARNING	swWorker_onStart: get group [root : root] info failed.
[2018-03-20 18:27:05 ^4888.11]	WARNING	swWorker_onStart: get group [root : root] info failed.
[2018-03-20 18:27:05 ^4886.9]	WARNING	swWorker_onStart: get group [root : root] info failed.
[2018-03-20 18:27:05 ^4885.8]	WARNING	swWorker_onStart: get group [root : root] info failed.
[2018-03-20 18:27:05 ^4889.12]	WARNING	swWorker_onStart: get group [root : root] info failed.
[2018-03-20 18:27:05 ^4890.13]	WARNING	swWorker_onStart: get group [root : root] info failed.
[2018-03-20 18:27:05 ^4891.14]	WARNING	swWorker_onStart: get group [root : root] info failed.
[2018-03-20 18:27:05 ^4892.15]	WARNING	swWorker_onStart: get group [root : root] info failed.
[2018-03-20 18:27:05 *4893.0]	WARNING	swWorker_onStart: get group [root : root] info failed.
[2018-03-20 18:27:05 *4894.1]	WARNING	swWorker_onStart: get group [root : root] info failed.
[2018-03-20 18:27:05 ^4887.10]	WARNING	swWorker_onStart: get group [root : root] info failed.
[2018-03-20 18:27:05 *4895.2]	WARNING	swWorker_onStart: get group [root : root] info failed.
[2018-03-20 18:27:05 *4896.3]	WARNING	swWorker_onStart: get group [root : root] info failed.
[2018-03-20 18:27:05 *4899.6]	WARNING	swWorker_onStart: get group [root : root] info failed.
[2018-03-20 18:27:05 *4900.7]	WARNING	swWorker_onStart: get group [root : root] info failed.
[2018-03-20 18:27:05 *4897.4]	WARNING	swWorker_onStart: get group [root : root] info failed.
[2018-03-20 18:27:05 *4898.5]	WARNING	swWorker_onStart: get group [root : root] info failed.
[2018-03-20 18:27:17 ^4917.10]	WARNING	swWorker_onStart: get group [root : root] info failed.
[2018-03-20 18:27:17 ^4920.13]	WARNING	swWorker_onStart: get group [root : root] info failed.
[2018-03-20 18:27:17 ^4918.11]	WARNING	swWorker_onStart: get group [root : root] info failed.
[2018-03-20 18:27:17 ^4919.12]	WARNING	swWorker_onStart: get group [root : root] info failed.
[2018-03-20 18:27:17 ^4916.9]	WARNING	swWorker_onStart: get group [root : root] info failed.
[2018-03-20 18:27:17 ^4915.8]	WARNING	swWorker_onStart: get group [root : root] info failed.
[2018-03-20 18:27:17 ^4921.14]	WARNING	swWorker_onStart: get group [root : root] info failed.
[2018-03-20 18:27:17 ^4922.15]	WARNING	swWorker_onStart: get group [root : root] info failed.
[2018-03-20 18:27:17 *4925.2]	WARNING	swWorker_onStart: get group [root : root] info failed.
[2018-03-20 18:27:17 *4924.1]	WARNING	swWorker_onStart: get group [root : root] info failed.
[2018-03-20 18:27:17 *4926.3]	WARNING	swWorker_onStart: get group [root : root] info failed.
[2018-03-20 18:27:17 *4923.0]	WARNING	swWorker_onStart: get group [root : root] info failed.
[2018-03-20 18:27:17 *4929.6]	WARNING	swWorker_onStart: get group [root : root] info failed.
[2018-03-20 18:27:17 *4928.5]	WARNING	swWorker_onStart: get group [root : root] info failed.
[2018-03-20 18:27:17 *4930.7]	WARNING	swWorker_onStart: get group [root : root] info failed.
[2018-03-20 18:27:17 *4927.4]	WARNING	swWorker_onStart: get group [root : root] info failed.
[2018-03-20 18:27:47 ^4947.9]	WARNING	swWorker_onStart: get group [root : root] info failed.
[2018-03-20 18:27:47 ^4946.8]	WARNING	swWorker_onStart: get group [root : root] info failed.
[2018-03-20 18:27:47 ^4948.10]	WARNING	swWorker_onStart: get group [root : root] info failed.
[2018-03-20 18:27:47 ^4949.11]	WARNING	swWorker_onStart: get group [root : root] info failed.
[2018-03-20 18:27:47 ^4950.12]	WARNING	swWorker_onStart: get group [root : root] info failed.
[2018-03-20 18:27:47 ^4951.13]	WARNING	swWorker_onStart: get group [root : root] info failed.
[2018-03-20 18:27:47 ^4952.14]	WARNING	swWorker_onStart: get group [root : root] info failed.
[2018-03-20 18:27:47 ^4953.15]	WARNING	swWorker_onStart: get group [root : root] info failed.
[2018-03-20 18:27:47 *4954.0]	WARNING	swWorker_onStart: get group [root : root] info failed.
[2018-03-20 18:27:47 *4955.1]	WARNING	swWorker_onStart: get group [root : root] info failed.
[2018-03-20 18:27:47 *4957.3]	WARNING	swWorker_onStart: get group [root : root] info failed.
[2018-03-20 18:27:47 *4956.2]	WARNING	swWorker_onStart: get group [root : root] info failed.
[2018-03-20 18:27:47 *4958.4]	WARNING	swWorker_onStart: get group [root : root] info failed.
[2018-03-20 18:27:47 *4959.5]	WARNING	swWorker_onStart: get group [root : root] info failed.
[2018-03-20 18:27:47 *4960.6]	WARNING	swWorker_onStart: get group [root : root] info failed.
[2018-03-20 18:27:47 *4961.7]	WARNING	swWorker_onStart: get group [root : root] info failed.
[2018-03-20 22:34:14 *8787.2]	ERROR	zm_deactivate_swoole (ERROR 503): Fatal error: Call to a member function status() on null in /home/www/TTApi/library/Http/Response.php on line 192.
[2018-03-20 22:34:14 $8774.0]	WARNING	swManager_check_exit_status: worker#2 abnormal exit, status=255, signal=0
[2018-03-20 22:34:41 *8819.2]	ERROR	zm_deactivate_swoole (ERROR 503): Fatal error: Call to a member function status() on null in /home/www/TTApi/library/Http/Response.php on line 192.
[2018-03-20 22:34:41 $8806.0]	WARNING	swManager_check_exit_status: worker#2 abnormal exit, status=255, signal=0
